{"/Users/konstantintsolev/Desktop/Projects/ArticleReader/config.js": {"path":"/Users/konstantintsolev/Desktop/Projects/ArticleReader/config.js","statementMap":{"0":{"start":{"line":1,"column":26},"end":{"line":1,"column":55}},"1":{"start":{"line":2,"column":21},"end":{"line":2,"column":55}},"2":{"start":{"line":3,"column":20},"end":{"line":3,"column":36}},"3":{"start":{"line":4,"column":26},"end":{"line":35,"column":1}}},"fnMap":{},"branchMap":{},"s":{"0":7,"1":7,"2":7,"3":7},"f":{},"b":{},"_coverageSchema":"43e27e138ebf9cfc5966b082cf9a028302ed4184","hash":"83e967810636c4d93cdb63bf380bcd8bc167dd5a"}
,"/Users/konstantintsolev/Desktop/Projects/ArticleReader/actions/actionTypes.js": {"path":"/Users/konstantintsolev/Desktop/Projects/ArticleReader/actions/actionTypes.js","statementMap":{"0":{"start":{"line":1,"column":38},"end":{"line":1,"column":62}},"1":{"start":{"line":2,"column":38},"end":{"line":2,"column":62}},"2":{"start":{"line":3,"column":38},"end":{"line":3,"column":62}},"3":{"start":{"line":4,"column":25},"end":{"line":4,"column":36}},"4":{"start":{"line":5,"column":26},"end":{"line":5,"column":38}},"5":{"start":{"line":6,"column":28},"end":{"line":6,"column":42}},"6":{"start":{"line":7,"column":34},"end":{"line":7,"column":54}},"7":{"start":{"line":8,"column":38},"end":{"line":8,"column":62}}},"fnMap":{},"branchMap":{},"s":{"0":9,"1":9,"2":9,"3":9,"4":9,"5":9,"6":9,"7":9},"f":{},"b":{},"_coverageSchema":"43e27e138ebf9cfc5966b082cf9a028302ed4184","hash":"4d3be997c59abb8b273e2c0948af24b8bcec1447"}
,"/Users/konstantintsolev/Desktop/Projects/ArticleReader/actions/actions.js": {"path":"/Users/konstantintsolev/Desktop/Projects/ArticleReader/actions/actions.js","statementMap":{"0":{"start":{"line":14,"column":29},"end":{"line":32,"column":3}},"1":{"start":{"line":15,"column":4},"end":{"line":31,"column":6}},"2":{"start":{"line":16,"column":6},"end":{"line":16,"column":39}},"3":{"start":{"line":17,"column":6},"end":{"line":30,"column":11}},"4":{"start":{"line":26,"column":10},"end":{"line":26,"column":66}},"5":{"start":{"line":29,"column":10},"end":{"line":29,"column":55}},"6":{"start":{"line":34,"column":36},"end":{"line":39,"column":4}},"7":{"start":{"line":34,"column":49},"end":{"line":39,"column":3}},"8":{"start":{"line":41,"column":36},"end":{"line":43,"column":4}},"9":{"start":{"line":41,"column":43},"end":{"line":43,"column":3}},"10":{"start":{"line":45,"column":36},"end":{"line":50,"column":4}},"11":{"start":{"line":45,"column":46},"end":{"line":50,"column":3}},"12":{"start":{"line":52,"column":33},"end":{"line":57,"column":1}},"13":{"start":{"line":53,"column":2},"end":{"line":56,"column":4}},"14":{"start":{"line":54,"column":4},"end":{"line":54,"column":38}},"15":{"start":{"line":59,"column":35},"end":{"line":64,"column":1}},"16":{"start":{"line":60,"column":2},"end":{"line":63,"column":4}},"17":{"start":{"line":61,"column":4},"end":{"line":61,"column":40}},"18":{"start":{"line":66,"column":28},"end":{"line":70,"column":1}},"19":{"start":{"line":67,"column":2},"end":{"line":69,"column":4}},"20":{"start":{"line":68,"column":4},"end":{"line":68,"column":32}},"21":{"start":{"line":72,"column":31},"end":{"line":76,"column":1}},"22":{"start":{"line":73,"column":2},"end":{"line":75,"column":4}},"23":{"start":{"line":74,"column":4},"end":{"line":74,"column":29}},"24":{"start":{"line":78,"column":24},"end":{"line":82,"column":1}},"25":{"start":{"line":79,"column":2},"end":{"line":81,"column":4}},"26":{"start":{"line":80,"column":4},"end":{"line":80,"column":32}},"27":{"start":{"line":84,"column":31},"end":{"line":89,"column":2}},"28":{"start":{"line":84,"column":44},"end":{"line":89,"column":1}},"29":{"start":{"line":91,"column":33},"end":{"line":96,"column":2}},"30":{"start":{"line":91,"column":46},"end":{"line":96,"column":1}},"31":{"start":{"line":99,"column":25},"end":{"line":104,"column":2}},"32":{"start":{"line":99,"column":38},"end":{"line":104,"column":1}},"33":{"start":{"line":106,"column":24},"end":{"line":111,"column":2}},"34":{"start":{"line":106,"column":35},"end":{"line":111,"column":1}},"35":{"start":{"line":113,"column":27},"end":{"line":118,"column":2}},"36":{"start":{"line":113,"column":38},"end":{"line":118,"column":1}}},"fnMap":{"0":{"name":"(anonymous_0)","decl":{"start":{"line":14,"column":29},"end":{"line":14,"column":30}},"loc":{"start":{"line":14,"column":78},"end":{"line":32,"column":3}},"line":14},"1":{"name":"(anonymous_1)","decl":{"start":{"line":15,"column":11},"end":{"line":15,"column":12}},"loc":{"start":{"line":15,"column":23},"end":{"line":31,"column":5}},"line":15},"2":{"name":"(anonymous_2)","decl":{"start":{"line":25,"column":14},"end":{"line":25,"column":15}},"loc":{"start":{"line":25,"column":21},"end":{"line":27,"column":9}},"line":25},"3":{"name":"(anonymous_3)","decl":{"start":{"line":28,"column":15},"end":{"line":28,"column":16}},"loc":{"start":{"line":28,"column":24},"end":{"line":30,"column":9}},"line":28},"4":{"name":"(anonymous_4)","decl":{"start":{"line":34,"column":36},"end":{"line":34,"column":37}},"loc":{"start":{"line":34,"column":49},"end":{"line":39,"column":3}},"line":34},"5":{"name":"(anonymous_5)","decl":{"start":{"line":41,"column":36},"end":{"line":41,"column":37}},"loc":{"start":{"line":41,"column":43},"end":{"line":43,"column":3}},"line":41},"6":{"name":"(anonymous_6)","decl":{"start":{"line":45,"column":36},"end":{"line":45,"column":37}},"loc":{"start":{"line":45,"column":46},"end":{"line":50,"column":3}},"line":45},"7":{"name":"(anonymous_7)","decl":{"start":{"line":52,"column":33},"end":{"line":52,"column":34}},"loc":{"start":{"line":52,"column":45},"end":{"line":57,"column":1}},"line":52},"8":{"name":"(anonymous_8)","decl":{"start":{"line":53,"column":9},"end":{"line":53,"column":10}},"loc":{"start":{"line":53,"column":21},"end":{"line":56,"column":3}},"line":53},"9":{"name":"(anonymous_9)","decl":{"start":{"line":59,"column":35},"end":{"line":59,"column":36}},"loc":{"start":{"line":59,"column":47},"end":{"line":64,"column":1}},"line":59},"10":{"name":"(anonymous_10)","decl":{"start":{"line":60,"column":9},"end":{"line":60,"column":10}},"loc":{"start":{"line":60,"column":21},"end":{"line":63,"column":3}},"line":60},"11":{"name":"(anonymous_11)","decl":{"start":{"line":66,"column":28},"end":{"line":66,"column":29}},"loc":{"start":{"line":66,"column":40},"end":{"line":70,"column":1}},"line":66},"12":{"name":"(anonymous_12)","decl":{"start":{"line":67,"column":9},"end":{"line":67,"column":10}},"loc":{"start":{"line":67,"column":21},"end":{"line":69,"column":3}},"line":67},"13":{"name":"(anonymous_13)","decl":{"start":{"line":72,"column":31},"end":{"line":72,"column":32}},"loc":{"start":{"line":72,"column":41},"end":{"line":76,"column":1}},"line":72},"14":{"name":"(anonymous_14)","decl":{"start":{"line":73,"column":9},"end":{"line":73,"column":10}},"loc":{"start":{"line":73,"column":21},"end":{"line":75,"column":3}},"line":73},"15":{"name":"(anonymous_15)","decl":{"start":{"line":78,"column":24},"end":{"line":78,"column":25}},"loc":{"start":{"line":78,"column":34},"end":{"line":82,"column":1}},"line":78},"16":{"name":"(anonymous_16)","decl":{"start":{"line":79,"column":9},"end":{"line":79,"column":10}},"loc":{"start":{"line":79,"column":21},"end":{"line":81,"column":3}},"line":79},"17":{"name":"(anonymous_17)","decl":{"start":{"line":84,"column":31},"end":{"line":84,"column":32}},"loc":{"start":{"line":84,"column":44},"end":{"line":89,"column":1}},"line":84},"18":{"name":"(anonymous_18)","decl":{"start":{"line":91,"column":33},"end":{"line":91,"column":34}},"loc":{"start":{"line":91,"column":46},"end":{"line":96,"column":1}},"line":91},"19":{"name":"(anonymous_19)","decl":{"start":{"line":99,"column":25},"end":{"line":99,"column":26}},"loc":{"start":{"line":99,"column":38},"end":{"line":104,"column":1}},"line":99},"20":{"name":"(anonymous_20)","decl":{"start":{"line":106,"column":24},"end":{"line":106,"column":25}},"loc":{"start":{"line":106,"column":35},"end":{"line":111,"column":1}},"line":106},"21":{"name":"(anonymous_21)","decl":{"start":{"line":113,"column":27},"end":{"line":113,"column":28}},"loc":{"start":{"line":113,"column":38},"end":{"line":118,"column":1}},"line":113}},"branchMap":{"0":{"loc":{"start":{"line":14,"column":30},"end":{"line":14,"column":38}},"type":"default-arg","locations":[{"start":{"line":14,"column":37},"end":{"line":14,"column":38}}],"line":14},"1":{"loc":{"start":{"line":14,"column":40},"end":{"line":14,"column":65}},"type":"default-arg","locations":[{"start":{"line":14,"column":51},"end":{"line":14,"column":65}}],"line":14},"2":{"loc":{"start":{"line":14,"column":67},"end":{"line":14,"column":73}},"type":"default-arg","locations":[{"start":{"line":14,"column":72},"end":{"line":14,"column":73}}],"line":14}},"s":{"0":7,"1":2,"2":2,"3":2,"4":1,"5":1,"6":7,"7":1,"8":7,"9":2,"10":7,"11":1,"12":7,"13":2,"14":2,"15":7,"16":1,"17":1,"18":7,"19":5,"20":5,"21":7,"22":2,"23":2,"24":7,"25":1,"26":1,"27":7,"28":2,"29":7,"30":1,"31":7,"32":5,"33":7,"34":2,"35":7,"36":2},"f":{"0":2,"1":2,"2":1,"3":1,"4":1,"5":2,"6":1,"7":2,"8":2,"9":1,"10":1,"11":5,"12":5,"13":2,"14":2,"15":1,"16":1,"17":2,"18":1,"19":5,"20":2,"21":2},"b":{"0":[2],"1":[2],"2":[2]},"_coverageSchema":"43e27e138ebf9cfc5966b082cf9a028302ed4184","hash":"91a4925428f2617e5af4db94d9048da748df6f5c"}
,"/Users/konstantintsolev/Desktop/Projects/ArticleReader/components/ArticleDetails/ArticleDetails.js": {"path":"/Users/konstantintsolev/Desktop/Projects/ArticleReader/components/ArticleDetails/ArticleDetails.js","statementMap":{"0":{"start":{"line":8,"column":29},"end":{"line":8,"column":80}},"1":{"start":{"line":8,"column":49},"end":{"line":8,"column":80}},"2":{"start":{"line":11,"column":29},"end":{"line":11,"column":39}},"3":{"start":{"line":12,"column":18},"end":{"line":12,"column":50}},"4":{"start":{"line":13,"column":6},"end":{"line":24,"column":8}},"5":{"start":{"line":21,"column":31},"end":{"line":21,"column":41}}},"fnMap":{"0":{"name":"(anonymous_0)","decl":{"start":{"line":8,"column":29},"end":{"line":8,"column":30}},"loc":{"start":{"line":8,"column":49},"end":{"line":8,"column":80}},"line":8},"1":{"name":"(anonymous_1)","decl":{"start":{"line":10,"column":4},"end":{"line":10,"column":5}},"loc":{"start":{"line":10,"column":13},"end":{"line":25,"column":5}},"line":10},"2":{"name":"(anonymous_2)","decl":{"start":{"line":21,"column":25},"end":{"line":21,"column":26}},"loc":{"start":{"line":21,"column":31},"end":{"line":21,"column":41}},"line":21}},"branchMap":{},"s":{"0":1,"1":0,"2":1,"3":1,"4":1,"5":1},"f":{"0":0,"1":1,"2":1},"b":{},"_coverageSchema":"43e27e138ebf9cfc5966b082cf9a028302ed4184","hash":"be911c718487438a284375616549750f834c3c07"}
,"/Users/konstantintsolev/Desktop/Projects/ArticleReader/components/ArticleTile/ArticleStyles.js": {"path":"/Users/konstantintsolev/Desktop/Projects/ArticleReader/components/ArticleTile/ArticleStyles.js","statementMap":{"0":{"start":{"line":3,"column":22},"end":{"line":24,"column":2}}},"fnMap":{},"branchMap":{},"s":{"0":1},"f":{},"b":{},"_coverageSchema":"43e27e138ebf9cfc5966b082cf9a028302ed4184","hash":"a2c1dbccf32c9956891be2c782f0f3bd94433524"}
,"/Users/konstantintsolev/Desktop/Projects/ArticleReader/components/ArticleTile/ArticleTile.js": {"path":"/Users/konstantintsolev/Desktop/Projects/ArticleReader/components/ArticleTile/ArticleTile.js","statementMap":{"0":{"start":{"line":10,"column":26},"end":{"line":10,"column":36}},"1":{"start":{"line":25,"column":10},"end":{"line":25,"column":16}},"2":{"start":{"line":27,"column":5},"end":{"line":68,"column":16}}},"fnMap":{"0":{"name":"(anonymous_0)","decl":{"start":{"line":9,"column":4},"end":{"line":9,"column":5}},"loc":{"start":{"line":9,"column":13},"end":{"line":69,"column":5}},"line":9}},"branchMap":{},"s":{"0":2,"1":2,"2":2},"f":{"0":2},"b":{},"_coverageSchema":"43e27e138ebf9cfc5966b082cf9a028302ed4184","hash":"05a6ae55173f6278b2cf9cc488b338dceb1bba8f"}
,"/Users/konstantintsolev/Desktop/Projects/ArticleReader/components/FiltersMenu/FilterMenuStyles.js": {"path":"/Users/konstantintsolev/Desktop/Projects/ArticleReader/components/FiltersMenu/FilterMenuStyles.js","statementMap":{"0":{"start":{"line":3,"column":22},"end":{"line":20,"column":2}}},"fnMap":{},"branchMap":{},"s":{"0":1},"f":{},"b":{},"_coverageSchema":"43e27e138ebf9cfc5966b082cf9a028302ed4184","hash":"69e39e36072cf95dbd962cad57c8a42bb8822c87"}
,"/Users/konstantintsolev/Desktop/Projects/ArticleReader/components/FiltersMenu/FiltersMenu.js": {"path":"/Users/konstantintsolev/Desktop/Projects/ArticleReader/components/FiltersMenu/FiltersMenu.js","statementMap":{"0":{"start":{"line":12,"column":4},"end":{"line":12,"column":17}},"1":{"start":{"line":13,"column":4},"end":{"line":17,"column":6}},"2":{"start":{"line":18,"column":4},"end":{"line":18,"column":51}},"3":{"start":{"line":22,"column":4},"end":{"line":24,"column":5}},"4":{"start":{"line":23,"column":6},"end":{"line":23,"column":59}},"5":{"start":{"line":28,"column":4},"end":{"line":28,"column":59}},"6":{"start":{"line":29,"column":4},"end":{"line":29,"column":42}},"7":{"start":{"line":33,"column":4},"end":{"line":33,"column":42}},"8":{"start":{"line":34,"column":4},"end":{"line":34,"column":52}},"9":{"start":{"line":38,"column":4},"end":{"line":38,"column":26}},"10":{"start":{"line":39,"column":4},"end":{"line":39,"column":47}},"11":{"start":{"line":56,"column":8},"end":{"line":56,"column":14}},"12":{"start":{"line":59,"column":23},"end":{"line":66,"column":26}},"13":{"start":{"line":59,"column":55},"end":{"line":66,"column":25}},"14":{"start":{"line":68,"column":18},"end":{"line":68,"column":91}},"15":{"start":{"line":68,"column":44},"end":{"line":68,"column":90}},"16":{"start":{"line":70,"column":4},"end":{"line":98,"column":6}},"17":{"start":{"line":102,"column":24},"end":{"line":107,"column":3}},"18":{"start":{"line":103,"column":4},"end":{"line":106,"column":5}},"19":{"start":{"line":109,"column":29},"end":{"line":121,"column":3}},"20":{"start":{"line":110,"column":4},"end":{"line":120,"column":5}},"21":{"start":{"line":112,"column":8},"end":{"line":112,"column":45}},"22":{"start":{"line":115,"column":8},"end":{"line":115,"column":39}},"23":{"start":{"line":118,"column":8},"end":{"line":118,"column":38}}},"fnMap":{"0":{"name":"(anonymous_0)","decl":{"start":{"line":11,"column":2},"end":{"line":11,"column":3}},"loc":{"start":{"line":11,"column":21},"end":{"line":19,"column":3}},"line":11},"1":{"name":"(anonymous_1)","decl":{"start":{"line":21,"column":2},"end":{"line":21,"column":3}},"loc":{"start":{"line":21,"column":32},"end":{"line":25,"column":3}},"line":21},"2":{"name":"(anonymous_2)","decl":{"start":{"line":27,"column":2},"end":{"line":27,"column":3}},"loc":{"start":{"line":27,"column":29},"end":{"line":30,"column":3}},"line":27},"3":{"name":"(anonymous_3)","decl":{"start":{"line":32,"column":2},"end":{"line":32,"column":3}},"loc":{"start":{"line":32,"column":27},"end":{"line":35,"column":3}},"line":32},"4":{"name":"(anonymous_4)","decl":{"start":{"line":37,"column":2},"end":{"line":37,"column":3}},"loc":{"start":{"line":37,"column":17},"end":{"line":40,"column":3}},"line":37},"5":{"name":"(anonymous_5)","decl":{"start":{"line":42,"column":2},"end":{"line":42,"column":3}},"loc":{"start":{"line":42,"column":12},"end":{"line":99,"column":3}},"line":42},"6":{"name":"(anonymous_6)","decl":{"start":{"line":59,"column":38},"end":{"line":59,"column":39}},"loc":{"start":{"line":59,"column":55},"end":{"line":66,"column":25}},"line":59},"7":{"name":"(anonymous_7)","decl":{"start":{"line":68,"column":27},"end":{"line":68,"column":28}},"loc":{"start":{"line":68,"column":44},"end":{"line":68,"column":90}},"line":68},"8":{"name":"(anonymous_8)","decl":{"start":{"line":102,"column":24},"end":{"line":102,"column":25}},"loc":{"start":{"line":102,"column":34},"end":{"line":107,"column":3}},"line":102},"9":{"name":"(anonymous_9)","decl":{"start":{"line":109,"column":29},"end":{"line":109,"column":30}},"loc":{"start":{"line":109,"column":41},"end":{"line":121,"column":3}},"line":109},"10":{"name":"(anonymous_10)","decl":{"start":{"line":111,"column":20},"end":{"line":111,"column":21}},"loc":{"start":{"line":111,"column":32},"end":{"line":113,"column":7}},"line":111},"11":{"name":"(anonymous_11)","decl":{"start":{"line":114,"column":20},"end":{"line":114,"column":21}},"loc":{"start":{"line":114,"column":32},"end":{"line":116,"column":7}},"line":114},"12":{"name":"(anonymous_12)","decl":{"start":{"line":117,"column":16},"end":{"line":117,"column":17}},"loc":{"start":{"line":117,"column":28},"end":{"line":119,"column":7}},"line":117}},"branchMap":{"0":{"loc":{"start":{"line":14,"column":21},"end":{"line":14,"column":47}},"type":"binary-expr","locations":[{"start":{"line":14,"column":21},"end":{"line":14,"column":38}},{"start":{"line":14,"column":42},"end":{"line":14,"column":47}}],"line":14},"1":{"loc":{"start":{"line":15,"column":14},"end":{"line":15,"column":37}},"type":"binary-expr","locations":[{"start":{"line":15,"column":14},"end":{"line":15,"column":32}},{"start":{"line":15,"column":36},"end":{"line":15,"column":37}}],"line":15},"2":{"loc":{"start":{"line":16,"column":18},"end":{"line":16,"column":39}},"type":"binary-expr","locations":[{"start":{"line":16,"column":18},"end":{"line":16,"column":31}},{"start":{"line":16,"column":35},"end":{"line":16,"column":39}}],"line":16},"3":{"loc":{"start":{"line":22,"column":4},"end":{"line":24,"column":5}},"type":"if","locations":[{"start":{"line":22,"column":4},"end":{"line":24,"column":5}},{"start":{"line":22,"column":4},"end":{"line":24,"column":5}}],"line":22},"4":{"loc":{"start":{"line":64,"column":13},"end":{"line":64,"column":111}},"type":"cond-expr","locations":[{"start":{"line":64,"column":44},"end":{"line":64,"column":75}},{"start":{"line":64,"column":78},"end":{"line":64,"column":111}}],"line":64},"5":{"loc":{"start":{"line":65,"column":21},"end":{"line":65,"column":125}},"type":"cond-expr","locations":[{"start":{"line":65,"column":52},"end":{"line":65,"column":86}},{"start":{"line":65,"column":89},"end":{"line":65,"column":125}}],"line":65}},"s":{"0":4,"1":4,"2":4,"3":3,"4":0,"5":1,"6":1,"7":1,"8":1,"9":1,"10":1,"11":7,"12":7,"13":210,"14":7,"15":21,"16":7,"17":1,"18":4,"19":1,"20":4,"21":0,"22":2,"23":1},"f":{"0":4,"1":3,"2":1,"3":1,"4":1,"5":7,"6":210,"7":21,"8":4,"9":4,"10":0,"11":2,"12":1},"b":{"0":[4,4],"1":[4,4],"2":[4,0],"3":[0,3],"4":[1,209],"5":[1,209]},"_coverageSchema":"43e27e138ebf9cfc5966b082cf9a028302ed4184","hash":"b84799e1ca603b7a5450a76083e801c86f81d9c8"}
,"/Users/konstantintsolev/Desktop/Projects/ArticleReader/components/Header/Header.js": {"path":"/Users/konstantintsolev/Desktop/Projects/ArticleReader/components/Header/Header.js","statementMap":{"0":{"start":{"line":5,"column":22},"end":{"line":13,"column":1}},"1":{"start":{"line":15,"column":35},"end":{"line":43,"column":4}},"2":{"start":{"line":15,"column":52},"end":{"line":43,"column":3}}},"fnMap":{"0":{"name":"(anonymous_0)","decl":{"start":{"line":15,"column":35},"end":{"line":15,"column":36}},"loc":{"start":{"line":15,"column":52},"end":{"line":43,"column":3}},"line":15}},"branchMap":{},"s":{"0":2,"1":2,"2":0},"f":{"0":0},"b":{},"_coverageSchema":"43e27e138ebf9cfc5966b082cf9a028302ed4184","hash":"9cdc54cceadf8b12a0c1866d78df4fef69cfeb28"}
,"/Users/konstantintsolev/Desktop/Projects/ArticleReader/components/HeaderLeftElement/HeaderLeftElement.js": {"path":"/Users/konstantintsolev/Desktop/Projects/ArticleReader/components/HeaderLeftElement/HeaderLeftElement.js","statementMap":{"0":{"start":{"line":10,"column":29},"end":{"line":10,"column":35}},"1":{"start":{"line":11,"column":7},"end":{"line":19,"column":12}},"2":{"start":{"line":12,"column":40},"end":{"line":12,"column":89}},"3":{"start":{"line":23,"column":24},"end":{"line":27,"column":1}},"4":{"start":{"line":24,"column":4},"end":{"line":26,"column":5}},"5":{"start":{"line":29,"column":27},"end":{"line":35,"column":1}},"6":{"start":{"line":30,"column":4},"end":{"line":34,"column":5}},"7":{"start":{"line":32,"column":12},"end":{"line":32,"column":50}}},"fnMap":{"0":{"name":"(anonymous_0)","decl":{"start":{"line":9,"column":4},"end":{"line":9,"column":5}},"loc":{"start":{"line":9,"column":12},"end":{"line":20,"column":5}},"line":9},"1":{"name":"(anonymous_1)","decl":{"start":{"line":12,"column":34},"end":{"line":12,"column":35}},"loc":{"start":{"line":12,"column":40},"end":{"line":12,"column":89}},"line":12},"2":{"name":"(anonymous_2)","decl":{"start":{"line":23,"column":24},"end":{"line":23,"column":25}},"loc":{"start":{"line":23,"column":34},"end":{"line":27,"column":1}},"line":23},"3":{"name":"(anonymous_3)","decl":{"start":{"line":29,"column":27},"end":{"line":29,"column":28}},"loc":{"start":{"line":29,"column":39},"end":{"line":35,"column":1}},"line":29},"4":{"name":"(anonymous_4)","decl":{"start":{"line":31,"column":23},"end":{"line":31,"column":24}},"loc":{"start":{"line":31,"column":35},"end":{"line":33,"column":9}},"line":31}},"branchMap":{},"s":{"0":1,"1":1,"2":1,"3":3,"4":2,"5":3,"6":2,"7":1},"f":{"0":1,"1":1,"2":2,"3":2,"4":1},"b":{},"_coverageSchema":"43e27e138ebf9cfc5966b082cf9a028302ed4184","hash":"6c29c7b9507188bc61252bf237e485f04446aea8"}
,"/Users/konstantintsolev/Desktop/Projects/ArticleReader/components/HeaderLeftElement/HeaderLeftElementStyles.js": {"path":"/Users/konstantintsolev/Desktop/Projects/ArticleReader/components/HeaderLeftElement/HeaderLeftElementStyles.js","statementMap":{"0":{"start":{"line":3,"column":22},"end":{"line":5,"column":2}}},"fnMap":{},"branchMap":{},"s":{"0":3},"f":{},"b":{},"_coverageSchema":"43e27e138ebf9cfc5966b082cf9a028302ed4184","hash":"bd420250e5294d819464da4b65f080185e6e70cc"}
,"/Users/konstantintsolev/Desktop/Projects/ArticleReader/components/HeaderRightElement/HeaderRightElement.js": {"path":"/Users/konstantintsolev/Desktop/Projects/ArticleReader/components/HeaderRightElement/HeaderRightElement.js","statementMap":{"0":{"start":{"line":11,"column":29},"end":{"line":11,"column":35}},"1":{"start":{"line":12,"column":7},"end":{"line":26,"column":15}},"2":{"start":{"line":18,"column":45},"end":{"line":18,"column":94}},"3":{"start":{"line":30,"column":24},"end":{"line":34,"column":1}},"4":{"start":{"line":31,"column":2},"end":{"line":33,"column":3}},"5":{"start":{"line":36,"column":27},"end":{"line":42,"column":1}},"6":{"start":{"line":37,"column":4},"end":{"line":41,"column":5}},"7":{"start":{"line":39,"column":8},"end":{"line":39,"column":44}}},"fnMap":{"0":{"name":"(anonymous_0)","decl":{"start":{"line":10,"column":3},"end":{"line":10,"column":4}},"loc":{"start":{"line":10,"column":11},"end":{"line":27,"column":5}},"line":10},"1":{"name":"(anonymous_1)","decl":{"start":{"line":18,"column":39},"end":{"line":18,"column":40}},"loc":{"start":{"line":18,"column":45},"end":{"line":18,"column":94}},"line":18},"2":{"name":"(anonymous_2)","decl":{"start":{"line":30,"column":24},"end":{"line":30,"column":25}},"loc":{"start":{"line":30,"column":34},"end":{"line":34,"column":1}},"line":30},"3":{"name":"(anonymous_3)","decl":{"start":{"line":36,"column":27},"end":{"line":36,"column":28}},"loc":{"start":{"line":36,"column":39},"end":{"line":42,"column":1}},"line":36},"4":{"name":"(anonymous_4)","decl":{"start":{"line":38,"column":19},"end":{"line":38,"column":20}},"loc":{"start":{"line":38,"column":31},"end":{"line":40,"column":7}},"line":38}},"branchMap":{},"s":{"0":1,"1":1,"2":1,"3":3,"4":2,"5":3,"6":2,"7":1},"f":{"0":1,"1":1,"2":2,"3":2,"4":1},"b":{},"_coverageSchema":"43e27e138ebf9cfc5966b082cf9a028302ed4184","hash":"d4c5c829a245db8df1d647dd32f732f4cb6c0a95"}
,"/Users/konstantintsolev/Desktop/Projects/ArticleReader/components/HeaderRightElement/HeaderRightElementStyles.js": {"path":"/Users/konstantintsolev/Desktop/Projects/ArticleReader/components/HeaderRightElement/HeaderRightElementStyles.js","statementMap":{"0":{"start":{"line":3,"column":22},"end":{"line":6,"column":2}}},"fnMap":{},"branchMap":{},"s":{"0":3},"f":{},"b":{},"_coverageSchema":"43e27e138ebf9cfc5966b082cf9a028302ed4184","hash":"b0b2c364c6b5f4a896f33ca53725a5e67fbce0ef"}
,"/Users/konstantintsolev/Desktop/Projects/ArticleReader/components/Loader/Loader.js": {"path":"/Users/konstantintsolev/Desktop/Projects/ArticleReader/components/Loader/Loader.js","statementMap":{"0":{"start":{"line":7,"column":31},"end":{"line":7,"column":50}},"1":{"start":{"line":9,"column":28},"end":{"line":9,"column":34}},"2":{"start":{"line":10,"column":6},"end":{"line":14,"column":8}}},"fnMap":{"0":{"name":"(anonymous_0)","decl":{"start":{"line":8,"column":4},"end":{"line":8,"column":5}},"loc":{"start":{"line":8,"column":13},"end":{"line":15,"column":5}},"line":8}},"branchMap":{},"s":{"0":2,"1":1,"2":1},"f":{"0":1},"b":{},"_coverageSchema":"43e27e138ebf9cfc5966b082cf9a028302ed4184","hash":"3814b84f7e79779f1d1f274c5deab80d9abc0ef8"}
,"/Users/konstantintsolev/Desktop/Projects/ArticleReader/components/Loader/LoaderStyles.js": {"path":"/Users/konstantintsolev/Desktop/Projects/ArticleReader/components/Loader/LoaderStyles.js","statementMap":{"0":{"start":{"line":3,"column":22},"end":{"line":7,"column":2}}},"fnMap":{},"branchMap":{},"s":{"0":2},"f":{},"b":{},"_coverageSchema":"43e27e138ebf9cfc5966b082cf9a028302ed4184","hash":"628668e8906b2ce72179e2c0165f5bb26582cebf"}
,"/Users/konstantintsolev/Desktop/Projects/ArticleReader/components/MenuPopup/MenuPopup.js": {"path":"/Users/konstantintsolev/Desktop/Projects/ArticleReader/components/MenuPopup/MenuPopup.js","statementMap":{"0":{"start":{"line":10,"column":6},"end":{"line":10,"column":19}},"1":{"start":{"line":11,"column":6},"end":{"line":13,"column":8}},"2":{"start":{"line":17,"column":4},"end":{"line":19,"column":5}},"3":{"start":{"line":18,"column":8},"end":{"line":18,"column":65}},"4":{"start":{"line":23,"column":17},"end":{"line":26,"column":3}},"5":{"start":{"line":24,"column":4},"end":{"line":24,"column":54}},"6":{"start":{"line":25,"column":4},"end":{"line":25,"column":43}},"7":{"start":{"line":29,"column":34},"end":{"line":29,"column":40}},"8":{"start":{"line":30,"column":4},"end":{"line":35,"column":21}},"9":{"start":{"line":39,"column":24},"end":{"line":43,"column":3}},"10":{"start":{"line":40,"column":4},"end":{"line":42,"column":5}},"11":{"start":{"line":45,"column":29},"end":{"line":51,"column":3}},"12":{"start":{"line":46,"column":4},"end":{"line":50,"column":5}},"13":{"start":{"line":48,"column":8},"end":{"line":48,"column":43}}},"fnMap":{"0":{"name":"(anonymous_0)","decl":{"start":{"line":9,"column":2},"end":{"line":9,"column":3}},"loc":{"start":{"line":9,"column":21},"end":{"line":14,"column":3}},"line":9},"1":{"name":"(anonymous_1)","decl":{"start":{"line":16,"column":2},"end":{"line":16,"column":3}},"loc":{"start":{"line":16,"column":32},"end":{"line":20,"column":3}},"line":16},"2":{"name":"(anonymous_2)","decl":{"start":{"line":23,"column":17},"end":{"line":23,"column":18}},"loc":{"start":{"line":23,"column":23},"end":{"line":26,"column":3}},"line":23},"3":{"name":"(anonymous_3)","decl":{"start":{"line":28,"column":2},"end":{"line":28,"column":3}},"loc":{"start":{"line":28,"column":11},"end":{"line":36,"column":3}},"line":28},"4":{"name":"(anonymous_4)","decl":{"start":{"line":39,"column":24},"end":{"line":39,"column":25}},"loc":{"start":{"line":39,"column":34},"end":{"line":43,"column":3}},"line":39},"5":{"name":"(anonymous_5)","decl":{"start":{"line":45,"column":29},"end":{"line":45,"column":30}},"loc":{"start":{"line":45,"column":41},"end":{"line":51,"column":3}},"line":45},"6":{"name":"(anonymous_6)","decl":{"start":{"line":47,"column":18},"end":{"line":47,"column":19}},"loc":{"start":{"line":47,"column":30},"end":{"line":49,"column":7}},"line":47}},"branchMap":{"0":{"loc":{"start":{"line":12,"column":25},"end":{"line":12,"column":53}},"type":"binary-expr","locations":[{"start":{"line":12,"column":25},"end":{"line":12,"column":44}},{"start":{"line":12,"column":48},"end":{"line":12,"column":53}}],"line":12},"1":{"loc":{"start":{"line":17,"column":4},"end":{"line":19,"column":5}},"type":"if","locations":[{"start":{"line":17,"column":4},"end":{"line":19,"column":5}},{"start":{"line":17,"column":4},"end":{"line":19,"column":5}}],"line":17},"2":{"loc":{"start":{"line":30,"column":11},"end":{"line":35,"column":20}},"type":"cond-expr","locations":[{"start":{"line":30,"column":38},"end":{"line":35,"column":13}},{"start":{"line":35,"column":16},"end":{"line":35,"column":20}}],"line":30}},"s":{"0":1,"1":1,"2":0,"3":0,"4":1,"5":0,"6":0,"7":1,"8":1,"9":4,"10":2,"11":4,"12":2,"13":0},"f":{"0":1,"1":0,"2":0,"3":1,"4":2,"5":2,"6":0},"b":{"0":[1,1],"1":[0,0],"2":[0,1]},"_coverageSchema":"43e27e138ebf9cfc5966b082cf9a028302ed4184","hash":"de2586531085d4875bbabe9c86867b290d9299fa"}
,"/Users/konstantintsolev/Desktop/Projects/ArticleReader/components/MenuPopup/MenuPopupStyles.js": {"path":"/Users/konstantintsolev/Desktop/Projects/ArticleReader/components/MenuPopup/MenuPopupStyles.js","statementMap":{"0":{"start":{"line":3,"column":22},"end":{"line":8,"column":2}}},"fnMap":{},"branchMap":{},"s":{"0":4},"f":{},"b":{},"_coverageSchema":"43e27e138ebf9cfc5966b082cf9a028302ed4184","hash":"54e1f2c446d37b861c141b34b159951716a92ed9"}
,"/Users/konstantintsolev/Desktop/Projects/ArticleReader/components/ProgresiveImage/ProgresiveImage.js": {"path":"/Users/konstantintsolev/Desktop/Projects/ArticleReader/components/ProgresiveImage/ProgresiveImage.js","statementMap":{"0":{"start":{"line":6,"column":22},"end":{"line":6,"column":43}},"1":{"start":{"line":8,"column":18},"end":{"line":8,"column":39}},"2":{"start":{"line":10,"column":24},"end":{"line":14,"column":3}},"3":{"start":{"line":11,"column":4},"end":{"line":13,"column":15}},"4":{"start":{"line":16,"column":16},"end":{"line":20,"column":3}},"5":{"start":{"line":17,"column":4},"end":{"line":19,"column":15}},"6":{"start":{"line":28,"column":8},"end":{"line":28,"column":18}},"7":{"start":{"line":30,"column":40},"end":{"line":30,"column":46}},"8":{"start":{"line":32,"column":4},"end":{"line":48,"column":6}}},"fnMap":{"0":{"name":"(anonymous_0)","decl":{"start":{"line":10,"column":24},"end":{"line":10,"column":25}},"loc":{"start":{"line":10,"column":30},"end":{"line":14,"column":3}},"line":10},"1":{"name":"(anonymous_1)","decl":{"start":{"line":16,"column":16},"end":{"line":16,"column":17}},"loc":{"start":{"line":16,"column":22},"end":{"line":20,"column":3}},"line":16},"2":{"name":"(anonymous_2)","decl":{"start":{"line":22,"column":2},"end":{"line":22,"column":3}},"loc":{"start":{"line":22,"column":11},"end":{"line":49,"column":3}},"line":22}},"branchMap":{},"s":{"0":2,"1":2,"2":2,"3":0,"4":2,"5":0,"6":2,"7":2,"8":2},"f":{"0":0,"1":0,"2":2},"b":{},"_coverageSchema":"43e27e138ebf9cfc5966b082cf9a028302ed4184","hash":"62e73f46b6e489142d330bfd597fae35eed6ece8"}
,"/Users/konstantintsolev/Desktop/Projects/ArticleReader/components/ProgresiveImage/ProgressiveImageStyles.js": {"path":"/Users/konstantintsolev/Desktop/Projects/ArticleReader/components/ProgresiveImage/ProgressiveImageStyles.js","statementMap":{"0":{"start":{"line":4,"column":22},"end":{"line":8,"column":4}}},"fnMap":{},"branchMap":{},"s":{"0":2},"f":{},"b":{},"_coverageSchema":"43e27e138ebf9cfc5966b082cf9a028302ed4184","hash":"6879868c8fd38acf25fe7cd6cdd9fa05e12a2870"}
,"/Users/konstantintsolev/Desktop/Projects/ArticleReader/images/dummy-image.png": {"path":"/Users/konstantintsolev/Desktop/Projects/ArticleReader/images/dummy-image.png","statementMap":{"0":{"start":{"line":1,"column":0},"end":{"line":4,"column":6}}},"fnMap":{},"branchMap":{},"s":{"0":2},"f":{},"b":{},"_coverageSchema":"43e27e138ebf9cfc5966b082cf9a028302ed4184","hash":"21d72930cf38b404d2c678866f60e50db9da60c9"}
,"/Users/konstantintsolev/Desktop/Projects/ArticleReader/reducers/articleReducer.js": {"path":"/Users/konstantintsolev/Desktop/Projects/ArticleReader/reducers/articleReducer.js","statementMap":{"0":{"start":{"line":9,"column":20},"end":{"line":15,"column":1}},"1":{"start":{"line":17,"column":23},"end":{"line":68,"column":1}},"2":{"start":{"line":18,"column":2},"end":{"line":67,"column":3}},"3":{"start":{"line":20,"column":6},"end":{"line":23,"column":8}},"4":{"start":{"line":25,"column":22},"end":{"line":25,"column":74}},"5":{"start":{"line":26,"column":6},"end":{"line":31,"column":8}},"6":{"start":{"line":33,"column":6},"end":{"line":37,"column":8}},"7":{"start":{"line":39,"column":20},"end":{"line":39,"column":39}},"8":{"start":{"line":40,"column":6},"end":{"line":43,"column":8}},"9":{"start":{"line":45,"column":26},"end":{"line":45,"column":39}},"10":{"start":{"line":46,"column":23},"end":{"line":46,"column":78}},"11":{"start":{"line":48,"column":6},"end":{"line":59,"column":7}},"12":{"start":{"line":49,"column":8},"end":{"line":53,"column":9}},"13":{"start":{"line":55,"column":8},"end":{"line":58,"column":9}},"14":{"start":{"line":61,"column":6},"end":{"line":64,"column":7}},"15":{"start":{"line":66,"column":6},"end":{"line":66,"column":19}}},"fnMap":{"0":{"name":"(anonymous_0)","decl":{"start":{"line":17,"column":23},"end":{"line":17,"column":24}},"loc":{"start":{"line":17,"column":57},"end":{"line":68,"column":1}},"line":17}},"branchMap":{"0":{"loc":{"start":{"line":17,"column":24},"end":{"line":17,"column":44}},"type":"default-arg","locations":[{"start":{"line":17,"column":32},"end":{"line":17,"column":44}}],"line":17},"1":{"loc":{"start":{"line":18,"column":2},"end":{"line":67,"column":3}},"type":"switch","locations":[{"start":{"line":19,"column":4},"end":{"line":23,"column":8}},{"start":{"line":24,"column":4},"end":{"line":31,"column":8}},{"start":{"line":32,"column":4},"end":{"line":37,"column":8}},{"start":{"line":38,"column":4},"end":{"line":43,"column":8}},{"start":{"line":44,"column":4},"end":{"line":59,"column":7}},{"start":{"line":60,"column":4},"end":{"line":64,"column":7}},{"start":{"line":65,"column":4},"end":{"line":66,"column":19}}],"line":18},"2":{"loc":{"start":{"line":48,"column":6},"end":{"line":59,"column":7}},"type":"if","locations":[{"start":{"line":48,"column":6},"end":{"line":59,"column":7}},{"start":{"line":48,"column":6},"end":{"line":59,"column":7}}],"line":48},"3":{"loc":{"start":{"line":48,"column":9},"end":{"line":48,"column":71}},"type":"binary-expr","locations":[{"start":{"line":48,"column":9},"end":{"line":48,"column":30}},{"start":{"line":48,"column":34},"end":{"line":48,"column":71}}],"line":48}},"s":{"0":1,"1":1,"2":11,"3":1,"4":2,"5":2,"6":1,"7":1,"8":1,"9":4,"10":4,"11":4,"12":3,"13":1,"14":1,"15":1},"f":{"0":11},"b":{"0":[10],"1":[1,2,1,1,4,1,1],"2":[3,1],"3":[4,1]},"_coverageSchema":"43e27e138ebf9cfc5966b082cf9a028302ed4184","hash":"73f8a17cab486d8040842b9472fc415ba753ed0f"}
,"/Users/konstantintsolev/Desktop/Projects/ArticleReader/reducers/uiReducer.js": {"path":"/Users/konstantintsolev/Desktop/Projects/ArticleReader/reducers/uiReducer.js","statementMap":{"0":{"start":{"line":7,"column":20},"end":{"line":10,"column":1}},"1":{"start":{"line":12,"column":18},"end":{"line":27,"column":1}},"2":{"start":{"line":13,"column":2},"end":{"line":26,"column":3}},"3":{"start":{"line":15,"column":6},"end":{"line":18,"column":8}},"4":{"start":{"line":20,"column":6},"end":{"line":23,"column":8}},"5":{"start":{"line":25,"column":6},"end":{"line":25,"column":19}}},"fnMap":{"0":{"name":"(anonymous_0)","decl":{"start":{"line":12,"column":18},"end":{"line":12,"column":19}},"loc":{"start":{"line":12,"column":52},"end":{"line":27,"column":1}},"line":12}},"branchMap":{"0":{"loc":{"start":{"line":12,"column":19},"end":{"line":12,"column":39}},"type":"default-arg","locations":[{"start":{"line":12,"column":27},"end":{"line":12,"column":39}}],"line":12},"1":{"loc":{"start":{"line":13,"column":2},"end":{"line":26,"column":3}},"type":"switch","locations":[{"start":{"line":14,"column":4},"end":{"line":18,"column":8}},{"start":{"line":19,"column":4},"end":{"line":23,"column":8}},{"start":{"line":24,"column":4},"end":{"line":25,"column":19}}],"line":13}},"s":{"0":1,"1":1,"2":5,"3":2,"4":2,"5":1},"f":{"0":5},"b":{"0":[5],"1":[2,2,1]},"_coverageSchema":"43e27e138ebf9cfc5966b082cf9a028302ed4184","hash":"47323bab7932c85fb4861559fc921121fabc7366"}
}
