TN:
SF:/Users/konstantintsolev/Desktop/Projects/ArticleReader/config.js
FNF:0
FNH:0
DA:1,7
DA:2,7
DA:3,7
DA:4,7
LF:4
LH:4
BRF:0
BRH:0
end_of_record
TN:
SF:/Users/konstantintsolev/Desktop/Projects/ArticleReader/actions/actionTypes.js
FNF:0
FNH:0
DA:1,7
DA:2,7
DA:3,7
DA:4,7
DA:5,7
DA:6,7
DA:7,7
DA:8,7
LF:8
LH:8
BRF:0
BRH:0
end_of_record
TN:
SF:/Users/konstantintsolev/Desktop/Projects/ArticleReader/actions/actions.js
FN:14,(anonymous_0)
FN:15,(anonymous_1)
FN:25,(anonymous_2)
FN:28,(anonymous_3)
FN:34,(anonymous_4)
FN:41,(anonymous_5)
FN:45,(anonymous_6)
FN:52,(anonymous_7)
FN:53,(anonymous_8)
FN:59,(anonymous_9)
FN:60,(anonymous_10)
FN:66,(anonymous_11)
FN:67,(anonymous_12)
FN:72,(anonymous_13)
FN:73,(anonymous_14)
FN:78,(anonymous_15)
FN:79,(anonymous_16)
FN:84,(anonymous_17)
FN:91,(anonymous_18)
FN:99,(anonymous_19)
FN:106,(anonymous_20)
FN:113,(anonymous_21)
FNF:22
FNH:22
FNDA:2,(anonymous_0)
FNDA:2,(anonymous_1)
FNDA:1,(anonymous_2)
FNDA:1,(anonymous_3)
FNDA:1,(anonymous_4)
FNDA:2,(anonymous_5)
FNDA:1,(anonymous_6)
FNDA:2,(anonymous_7)
FNDA:2,(anonymous_8)
FNDA:1,(anonymous_9)
FNDA:1,(anonymous_10)
FNDA:5,(anonymous_11)
FNDA:5,(anonymous_12)
FNDA:2,(anonymous_13)
FNDA:2,(anonymous_14)
FNDA:1,(anonymous_15)
FNDA:1,(anonymous_16)
FNDA:2,(anonymous_17)
FNDA:1,(anonymous_18)
FNDA:5,(anonymous_19)
FNDA:2,(anonymous_20)
FNDA:2,(anonymous_21)
DA:14,7
DA:15,2
DA:16,2
DA:17,2
DA:26,1
DA:29,1
DA:34,7
DA:41,7
DA:45,7
DA:52,7
DA:53,2
DA:54,2
DA:59,7
DA:60,1
DA:61,1
DA:66,7
DA:67,5
DA:68,5
DA:72,7
DA:73,2
DA:74,2
DA:78,7
DA:79,1
DA:80,1
DA:84,7
DA:91,7
DA:99,7
DA:106,7
DA:113,7
LF:29
LH:29
BRDA:14,0,0,2
BRDA:14,1,0,2
BRDA:14,2,0,2
BRF:3
BRH:3
end_of_record
TN:
SF:/Users/konstantintsolev/Desktop/Projects/ArticleReader/components/ArticleDetails/ArticleDetails.js
FN:8,(anonymous_0)
FN:10,(anonymous_1)
FN:21,(anonymous_2)
FNF:3
FNH:2
FNDA:0,(anonymous_0)
FNDA:1,(anonymous_1)
FNDA:1,(anonymous_2)
DA:8,1
DA:11,1
DA:12,1
DA:13,1
DA:21,1
LF:5
LH:5
BRF:0
BRH:0
end_of_record
TN:
SF:/Users/konstantintsolev/Desktop/Projects/ArticleReader/components/ArticleTile/ArticleStyles.js
FNF:0
FNH:0
DA:3,1
LF:1
LH:1
BRF:0
BRH:0
end_of_record
TN:
SF:/Users/konstantintsolev/Desktop/Projects/ArticleReader/components/ArticleTile/ArticleTile.js
FN:9,(anonymous_0)
FNF:1
FNH:1
FNDA:2,(anonymous_0)
DA:10,2
DA:25,2
DA:27,2
LF:3
LH:3
BRF:0
BRH:0
end_of_record
TN:
SF:/Users/konstantintsolev/Desktop/Projects/ArticleReader/components/FiltersMenu/FilterMenuStyles.js
FNF:0
FNH:0
DA:3,1
LF:1
LH:1
BRF:0
BRH:0
end_of_record
TN:
SF:/Users/konstantintsolev/Desktop/Projects/ArticleReader/components/FiltersMenu/FiltersMenu.js
FN:11,(anonymous_0)
FN:21,(anonymous_1)
FN:27,(anonymous_2)
FN:32,(anonymous_3)
FN:37,(anonymous_4)
FN:42,(anonymous_5)
FN:59,(anonymous_6)
FN:68,(anonymous_7)
FN:102,(anonymous_8)
FN:109,(anonymous_9)
FN:111,(anonymous_10)
FN:114,(anonymous_11)
FN:117,(anonymous_12)
FNF:13
FNH:12
FNDA:4,(anonymous_0)
FNDA:3,(anonymous_1)
FNDA:1,(anonymous_2)
FNDA:1,(anonymous_3)
FNDA:1,(anonymous_4)
FNDA:7,(anonymous_5)
FNDA:210,(anonymous_6)
FNDA:21,(anonymous_7)
FNDA:4,(anonymous_8)
FNDA:4,(anonymous_9)
FNDA:0,(anonymous_10)
FNDA:2,(anonymous_11)
FNDA:1,(anonymous_12)
DA:12,4
DA:13,4
DA:18,4
DA:22,3
DA:23,0
DA:28,1
DA:29,1
DA:33,1
DA:34,1
DA:38,1
DA:39,1
DA:56,7
DA:59,210
DA:68,21
DA:70,7
DA:102,1
DA:103,4
DA:109,1
DA:110,4
DA:112,0
DA:115,2
DA:118,1
LF:22
LH:20
BRDA:14,0,0,4
BRDA:14,0,1,4
BRDA:15,1,0,4
BRDA:15,1,1,4
BRDA:16,2,0,4
BRDA:16,2,1,0
BRDA:22,3,0,0
BRDA:22,3,1,3
BRDA:64,4,0,1
BRDA:64,4,1,209
BRDA:65,5,0,1
BRDA:65,5,1,209
BRF:12
BRH:10
end_of_record
TN:
SF:/Users/konstantintsolev/Desktop/Projects/ArticleReader/components/Header/Header.js
FN:15,(anonymous_0)
FNF:1
FNH:0
FNDA:0,(anonymous_0)
DA:5,2
DA:15,2
LF:2
LH:2
BRF:0
BRH:0
end_of_record
TN:
SF:/Users/konstantintsolev/Desktop/Projects/ArticleReader/components/HeaderLeftElement/HeaderLeftElement.js
FN:9,(anonymous_0)
FN:12,(anonymous_1)
FN:23,(anonymous_2)
FN:29,(anonymous_3)
FN:31,(anonymous_4)
FNF:5
FNH:5
FNDA:1,(anonymous_0)
FNDA:1,(anonymous_1)
FNDA:2,(anonymous_2)
FNDA:2,(anonymous_3)
FNDA:1,(anonymous_4)
DA:10,1
DA:11,1
DA:12,1
DA:23,3
DA:24,2
DA:29,3
DA:30,2
DA:32,1
LF:8
LH:8
BRF:0
BRH:0
end_of_record
TN:
SF:/Users/konstantintsolev/Desktop/Projects/ArticleReader/components/HeaderLeftElement/HeaderLeftElementStyles.js
FNF:0
FNH:0
DA:3,3
LF:1
LH:1
BRF:0
BRH:0
end_of_record
TN:
SF:/Users/konstantintsolev/Desktop/Projects/ArticleReader/components/HeaderRightElement/HeaderRightElement.js
FN:10,(anonymous_0)
FN:18,(anonymous_1)
FN:30,(anonymous_2)
FN:36,(anonymous_3)
FN:38,(anonymous_4)
FNF:5
FNH:5
FNDA:1,(anonymous_0)
FNDA:1,(anonymous_1)
FNDA:2,(anonymous_2)
FNDA:2,(anonymous_3)
FNDA:1,(anonymous_4)
DA:11,1
DA:12,1
DA:18,1
DA:30,3
DA:31,2
DA:36,3
DA:37,2
DA:39,1
LF:8
LH:8
BRF:0
BRH:0
end_of_record
TN:
SF:/Users/konstantintsolev/Desktop/Projects/ArticleReader/components/HeaderRightElement/HeaderRightElementStyles.js
FNF:0
FNH:0
DA:3,3
LF:1
LH:1
BRF:0
BRH:0
end_of_record
TN:
SF:/Users/konstantintsolev/Desktop/Projects/ArticleReader/components/Loader/Loader.js
FN:8,(anonymous_0)
FNF:1
FNH:1
FNDA:1,(anonymous_0)
DA:7,2
DA:9,1
DA:10,1
LF:3
LH:3
BRF:0
BRH:0
end_of_record
TN:
SF:/Users/konstantintsolev/Desktop/Projects/ArticleReader/components/Loader/LoaderStyles.js
FNF:0
FNH:0
DA:3,2
LF:1
LH:1
BRF:0
BRH:0
end_of_record
TN:
SF:/Users/konstantintsolev/Desktop/Projects/ArticleReader/components/MenuPopup/MenuPopup.js
FN:9,(anonymous_0)
FN:16,(anonymous_1)
FN:23,(anonymous_2)
FN:28,(anonymous_3)
FN:39,(anonymous_4)
FN:45,(anonymous_5)
FN:47,(anonymous_6)
FNF:7
FNH:4
FNDA:1,(anonymous_0)
FNDA:0,(anonymous_1)
FNDA:0,(anonymous_2)
FNDA:1,(anonymous_3)
FNDA:2,(anonymous_4)
FNDA:2,(anonymous_5)
FNDA:0,(anonymous_6)
DA:10,1
DA:11,1
DA:17,0
DA:18,0
DA:23,1
DA:24,0
DA:25,0
DA:29,1
DA:30,1
DA:39,4
DA:40,2
DA:45,4
DA:46,2
DA:48,0
LF:14
LH:9
BRDA:12,0,0,1
BRDA:12,0,1,1
BRDA:17,1,0,0
BRDA:17,1,1,0
BRDA:30,2,0,0
BRDA:30,2,1,1
BRF:6
BRH:3
end_of_record
TN:
SF:/Users/konstantintsolev/Desktop/Projects/ArticleReader/components/MenuPopup/MenuPopupStyles.js
FNF:0
FNH:0
DA:3,4
LF:1
LH:1
BRF:0
BRH:0
end_of_record
TN:
SF:/Users/konstantintsolev/Desktop/Projects/ArticleReader/components/ProgresiveImage/ProgresiveImage.js
FN:10,(anonymous_0)
FN:16,(anonymous_1)
FN:22,(anonymous_2)
FNF:3
FNH:1
FNDA:0,(anonymous_0)
FNDA:0,(anonymous_1)
FNDA:2,(anonymous_2)
DA:6,2
DA:8,2
DA:10,2
DA:11,0
DA:16,2
DA:17,0
DA:28,2
DA:30,2
DA:32,2
LF:9
LH:7
BRF:0
BRH:0
end_of_record
TN:
SF:/Users/konstantintsolev/Desktop/Projects/ArticleReader/components/ProgresiveImage/ProgressiveImageStyles.js
FNF:0
FNH:0
DA:4,2
LF:1
LH:1
BRF:0
BRH:0
end_of_record
TN:
SF:/Users/konstantintsolev/Desktop/Projects/ArticleReader/images/dummy-image.png
FNF:0
FNH:0
DA:1,2
LF:1
LH:1
BRF:0
BRH:0
end_of_record
