TN:
SF:/Users/konstantintsolev/Desktop/Projects/ArticleReader/config.js
FNF:0
FNH:0
DA:1,1
DA:2,1
DA:3,1
DA:4,1
LF:4
LH:4
BRF:0
BRH:0
end_of_record
TN:
SF:/Users/konstantintsolev/Desktop/Projects/ArticleReader/actions/actionTypes.js
FNF:0
FNH:0
DA:1,1
DA:2,1
DA:3,1
DA:4,1
DA:5,1
DA:6,1
DA:7,1
DA:8,1
LF:8
LH:8
BRF:0
BRH:0
end_of_record
TN:
SF:/Users/konstantintsolev/Desktop/Projects/ArticleReader/actions/actions.js
FN:14,(anonymous_0)
FN:15,(anonymous_1)
FN:25,(anonymous_2)
FN:28,(anonymous_3)
FN:34,(anonymous_4)
FN:41,(anonymous_5)
FN:45,(anonymous_6)
FN:52,(anonymous_7)
FN:53,(anonymous_8)
FN:59,(anonymous_9)
FN:60,(anonymous_10)
FN:66,(anonymous_11)
FN:67,(anonymous_12)
FN:72,(anonymous_13)
FN:73,(anonymous_14)
FN:78,(anonymous_15)
FN:79,(anonymous_16)
FN:84,(anonymous_17)
FN:91,(anonymous_18)
FN:99,(anonymous_19)
FN:106,(anonymous_20)
FN:113,(anonymous_21)
FNF:22
FNH:12
FNDA:0,(anonymous_0)
FNDA:0,(anonymous_1)
FNDA:0,(anonymous_2)
FNDA:0,(anonymous_3)
FNDA:0,(anonymous_4)
FNDA:0,(anonymous_5)
FNDA:0,(anonymous_6)
FNDA:1,(anonymous_7)
FNDA:1,(anonymous_8)
FNDA:1,(anonymous_9)
FNDA:1,(anonymous_10)
FNDA:3,(anonymous_11)
FNDA:3,(anonymous_12)
FNDA:1,(anonymous_13)
FNDA:1,(anonymous_14)
FNDA:0,(anonymous_15)
FNDA:0,(anonymous_16)
FNDA:1,(anonymous_17)
FNDA:1,(anonymous_18)
FNDA:3,(anonymous_19)
FNDA:1,(anonymous_20)
FNDA:0,(anonymous_21)
DA:14,1
DA:15,0
DA:16,0
DA:17,0
DA:26,0
DA:29,0
DA:34,1
DA:41,1
DA:45,1
DA:52,1
DA:53,1
DA:54,1
DA:59,1
DA:60,1
DA:61,1
DA:66,1
DA:67,3
DA:68,3
DA:72,1
DA:73,1
DA:74,1
DA:78,1
DA:79,0
DA:80,0
DA:84,1
DA:91,1
DA:99,3
DA:106,1
DA:113,1
LF:29
LH:22
BRDA:14,0,0,0
BRDA:14,1,0,0
BRDA:14,2,0,0
BRF:3
BRH:0
end_of_record
